<?xml version="1.0" encoding="UTF-8"?>
<!-- Generated by org.testng.reporters.JUnitXMLReporter -->
<testsuite hostname="DESKTOP-C0B1P7I" ignored="0" name="Default test" tests="3" failures="0" timestamp="17 Aug 2018 02:13:33 GMT" time="0.047" errors="0">
  <testcase name="tc_1" time="0.011" classname="com.day1.TestcaseTest"/>
  <testcase name="tc_2" time="0.002" classname="com.day1.TestcaseTest"/>
  <testcase name="tc_3" time="0.001" classname="com.day1.TestcaseTest"/>
</testsuite> <!-- Default test -->
