<?xml version="1.0" encoding="UTF-8"?>
<testng-results skipped="0" failed="0" ignored="0" total="3" passed="3">
  <reporter-output>
  </reporter-output>
  <suite name="Default suite" duration-ms="47" started-at="2018-08-17T02:13:33Z" finished-at="2018-08-17T02:13:33Z">
    <groups>
    </groups>
    <test name="Default test" duration-ms="47" started-at="2018-08-17T02:13:33Z" finished-at="2018-08-17T02:13:33Z">
      <class name="com.day1.TestcaseTest">
        <test-method status="PASS" signature="tc_1()[pri:0, instance:com.day1.TestcaseTest@44c8afef]" name="tc_1" duration-ms="11" started-at="2018-08-17T02:13:33Z" finished-at="2018-08-17T02:13:33Z">
          <reporter-output>
          </reporter-output>
        </test-method> <!-- tc_1 -->
        <test-method status="PASS" signature="tc_2()[pri:0, instance:com.day1.TestcaseTest@44c8afef]" name="tc_2" duration-ms="2" started-at="2018-08-17T02:13:33Z" finished-at="2018-08-17T02:13:33Z">
          <reporter-output>
          </reporter-output>
        </test-method> <!-- tc_2 -->
        <test-method status="PASS" signature="tc_3()[pri:0, instance:com.day1.TestcaseTest@44c8afef]" name="tc_3" duration-ms="1" started-at="2018-08-17T02:13:33Z" finished-at="2018-08-17T02:13:33Z">
          <reporter-output>
          </reporter-output>
        </test-method> <!-- tc_3 -->
      </class> <!-- com.day1.TestcaseTest -->
    </test> <!-- Default test -->
  </suite> <!-- Default suite -->
</testng-results>
